<?xml version="1.0" encoding="UTF-8"?>
<testng-results ignored="0" total="1" passed="1" failed="0" skipped="0">
  <reporter-output>
  </reporter-output>
  <suite started-at="2023-08-08T18:21:21 IST" name="Default suite" finished-at="2023-08-08T18:23:22 IST" duration-ms="120736">
    <groups>
    </groups>
    <test started-at="2023-08-08T18:21:21 IST" name="Default test" finished-at="2023-08-08T18:23:22 IST" duration-ms="120736">
      <class name="TestScenarios.TestMethodManagement">
        <test-method is-config="true" signature="beforeTest()[pri:0, instance:TestScenarios.TestMethodManagement@74235045]" started-at="2023-08-08T18:20:29 IST" name="beforeTest" finished-at="2023-08-08T18:21:21 IST" duration-ms="51727" status="PASS">
          <reporter-output>
          </reporter-output>
        </test-method> <!-- beforeTest -->
        <test-method signature="dataDown()[pri:0, instance:TestScenarios.TestMethodManagement@74235045]" started-at="2023-08-08T18:21:21 IST" name="dataDown" finished-at="2023-08-08T18:23:18 IST" duration-ms="116727" status="PASS">
          <reporter-output>
          </reporter-output>
        </test-method> <!-- dataDown -->
        <test-method is-config="true" signature="driverclose()[pri:0, instance:TestScenarios.TestMethodManagement@74235045]" started-at="2023-08-08T18:23:18 IST" name="driverclose" finished-at="2023-08-08T18:23:22 IST" duration-ms="3804" status="PASS">
          <reporter-output>
          </reporter-output>
        </test-method> <!-- driverclose -->
      </class> <!-- TestScenarios.TestMethodManagement -->
    </test> <!-- Default test -->
  </suite> <!-- Default suite -->
</testng-results>
